#
# A fatal error has been detected by the Java Runtime Environment:
#
#  EXCEPTION_ACCESS_VIOLATION (0xc0000005) at pc=0x00007ff923156d4e, pid=704, tid=10884
#
# JRE version: OpenJDK Runtime Environment Temurin-17.0.9+9 (17.0.9+9) (build 17.0.9+9)
# Java VM: OpenJDK 64-Bit Server VM Temurin-17.0.9+9 (17.0.9+9, mixed mode, tiered, compressed oops, compressed class ptrs, g1 gc, windows-amd64)
# Problematic frame:
# C  [awt.dll+0xd6d4e]
#
# No core dump will be written. Minidumps are not enabled by default on client versions of Windows
#
# If you would like to submit a bug report, please visit:
#   https://github.com/adoptium/adoptium-support/issues
# The crash happened outside the Java Virtual Machine in native code.
# See problematic frame for where to report the bug.
#

---------------  S U M M A R Y ------------

Command Line: -Dfile.encoding=UTF-8 -Dstdout.encoding=UTF-8 -Dstderr.encoding=UTF-8 -XX:+ShowCodeDetailsInExceptionMessages ChatClient

Host: Intel(R) Core(TM) i7-2600 CPU @ 3.40GHz, 4 cores, 15G,  Windows 10 , 64 bit Build 19041 (10.0.19041.3636)
Time: Fri Jan  5 11:19:18 2024  Windows 10 , 64 bit Build 19041 (10.0.19041.3636) elapsed time: 707.259926 seconds (0d 0h 11m 47s)

---------------  T H R E A D  ---------------

Current thread (0x000002189d593070):  JavaThread "AWT-Windows" daemon [_thread_in_native, id=10884, stack(0x0000006f82e00000,0x0000006f82f00000)]

Stack: [0x0000006f82e00000,0x0000006f82f00000],  sp=0x0000006f82eff140,  free space=1020k
Native frames: (J=compiled Java code, j=interpreted, Vv=VM code, C=native code)
C  [awt.dll+0xd6d4e]

Java frames: (J=compiled Java code, j=interpreted, Vv=VM code)
j  sun.awt.windows.WToolkit.eventLoop()V+0 java.desktop@17.0.9
j  sun.awt.windows.WToolkit.run()V+50 java.desktop@17.0.9
j  java.lang.Thread.run()V+11 java.base@17.0.9
v  ~StubRoutines::call_stub

siginfo: EXCEPTION_ACCESS_VIOLATION (0xc0000005), reading address 0x0000000000000000


Registers:
RAX=0x0000000000000000, RBX=0x000002189d61b6c0, RCX=0x0000000000000000, RDX=0x000002189d61b6c0
RSP=0x0000006f82eff140, RBP=0x00007ff9231bc7f0, RSI=0x0000000000000000, RDI=0x000002189d593328
R8 =0x0000000000000042, R9 =0x000000071127b760, R10=0x00007ff90720d6f0, R11=0x000000000000003c
R12=0x00000000003809fc, R13=0x0000000000009824, R14=0x000000000337054b, R15=0x0000000000009824
RIP=0x00007ff923156d4e, EFLAGS=0x0000000000010246


Register to memory mapping:

RIP=0x00007ff923156d4e awt.dll
RAX=0x0 is NULL
RBX=0x000002189d61b6c0 is a global jni handle
RCX=0x0 is NULL
RDX=0x000002189d61b6c0 is a global jni handle
RSP=0x0000006f82eff140 is pointing into the stack for thread: 0x000002189d593070
RBP=0x00007ff9231bc7f0 awt.dll
RSI=0x0 is NULL
RDI=0x000002189d593328 points into unknown readable memory: 0x00007ff907189800 | 00 98 18 07 f9 7f 00 00
R8 =0x0000000000000042 is an unknown value
R9 =0x000000071127b760 is an oop: sun.awt.windows.WFramePeer 
{0x000000071127b760} - klass: 'sun/awt/windows/WFramePeer'
 - ---- fields (total size 19 words):
 - private volatile 'destroyed' 'Z' @12  true
 - private volatile 'disposed' 'Z' @13  false
 - volatile 'pData' 'J' @16  0 (0 0)
 - volatile 'target' 'Ljava/lang/Object;' @24  a 'ChatClient'{0x00000007114069a0} (e2280d34)
 - volatile 'createError' 'Ljava/lang/Error;' @28  NULL (0)
 - private final 'stateLock' 'Ljava/lang/Object;' @32  a 'java/lang/Object'{0x000000071127b7f8} (e224f6ff)
 - private volatile 'childPeers' 'Ljava/util/Map;' @36  NULL (0)
 - 'isLayouting' 'Z' @14  false
 - 'paintPending' 'Z' @15  false
 - protected volatile 'hwnd' 'J' @40  0 (0 0)
 - 'nativeDropTargetContext' 'J' @48  2304742636720 (9d5dbcb0 218)
 - 'oldWidth' 'I' @56  400 (190)
 - 'oldHeight' 'I' @60  200 (c8)
 - private 'numBackBuffers' 'I' @64  0
 - 'nDropTargets' 'I' @68  2
 - public 'serialNum' 'I' @72  1
 - private 'updateX1' 'I' @76  0
 - private 'updateY1' 'I' @80  0
 - private 'updateX2' 'I' @84  0
 - private 'updateY2' 'I' @88  0
 - private volatile 'isAccelCapable' 'Z' @92  true
 - 'surfaceData' 'Lsun/java2d/SurfaceData;' @96  a 'sun/java2d/windows/GDIWindowSurfaceData'{0x0000000711246030} (e2248c06)
 - private 'paintArea' 'Lsun/awt/RepaintArea;' @100  a 'sun/awt/RepaintArea'{0x000000071127b8c0} (e224f718)
 - protected 'winGraphicsConfig' 'Lsun/awt/Win32GraphicsConfig;' @104  a 'sun/awt/Win32GraphicsConfig'{0x000000071145d798} (e228baf3)
 - private 'backBuffer' 'Ljava/awt/image/VolatileImage;' @108  NULL (0)
 - private 'backBufferCaps' 'Ljava/awt/BufferCapabilities;' @112  NULL (0)
 - private 'foreground' 'Ljava/awt/Color;' @116  a 'java/awt/SystemColor'{0x000000071129b8a8} (e2253715)
 - private 'background' 'Ljava/awt/Color;' @120  a 'javax/swing/plaf/ColorUIResource'{0x00000007114dc408} (e229b881)
 - private 'font' 'Ljava/awt/Font;' @124  a 'java/awt/Font'{0x0000000711403bf8} (e228077f)
 - private 'eraseBackground' 'Z' @93  false
 - 'insets_' 'Ljava/awt/Insets;' @128  a 'java/awt/Insets'{0x000000071129b510} (e22536a2)
 - private 'isOpaque' 'Z' @94  true
 - private 'opacity' 'F' @132  1.000000 (3f800000)
 - private 'modalBlocker' 'Lsun/awt/windows/WWindowPeer;' @136  NULL (0)
 - private 'painter' 'Lsun/awt/windows/TranslucentWindowPainter;' @140  NULL (0)
 - private 'windowListener' 'Ljava/awt/event/WindowListener;' @144  NULL (0)
 - private volatile 'windowType' 'Ljava/awt/Window$Type;' @148  a 'java/awt/Window$Type'{0x0000000711404dd0} (e22809ba)
R10=0x00007ff90720d6f0 jvm.dll
R11=0x000000000000003c is an unknown value
R12=0x00000000003809fc is an unknown value
R13=0x0000000000009824 is an unknown value
R14=0x000000000337054b is an unknown value
R15=0x0000000000009824 is an unknown value


Top of Stack: (sp=0x0000006f82eff140)
0x0000006f82eff140:   000002189d61b6c0 0000000000000000
0x0000006f82eff150:   0000000000000286 0000000000000003
0x0000006f82eff160:   00009aee340914cb 00007ff9571a2107
0x0000006f82eff170:   0000006f82eff398 00007ff923157113
0x0000006f82eff180:   000002189d593070 00007ff906a5200d
0x0000006f82eff190:   000002189d593328 0000000000000000
0x0000006f82eff1a0:   0000000000000001 000002189d593328
0x0000006f82eff1b0:   0000000000000000 00007ff923154671
0x0000006f82eff1c0:   0000006f82eff398 00007ff923154580
0x0000006f82eff1d0:   0000000000000001 0000000000000000
0x0000006f82eff1e0:   00003b28c43fe397 00007ff9571c0f06
0x0000006f82eff1f0:   0000000000000000 0000000000000000
0x0000006f82eff200:   0000000000009824 0000000000000000
0x0000006f82eff210:   0000000080000022 0000000000000000
0x0000006f82eff220:   0000000000000001 00007ff9571ae858
0x0000006f82eff230:   0000000000000000 0000bc7164338a6a
0x0000006f82eff240:   0000000000000001 0000000000000000
0x0000006f82eff250:   0000000000000000 0000000000000000
0x0000006f82eff260:   0000006f82eff398 0000000000000000
0x0000006f82eff270:   0000000000000000 0000000000000000
0x0000006f82eff280:   8000002200000000 0000000000000000
0x0000006f82eff290:   0000000000000000 000000000000000c
0x0000006f82eff2a0:   00007ff9231c9580 00007ff9231ab0f0
0x0000006f82eff2b0:   0000000000000000 00007ff9571a0000
0x0000006f82eff2c0:   00007ff9231aa2ae 00007ff9571be3e7
0x0000006f82eff2d0:   00007ff92316b6c8 00007ff9564f156c
0x0000006f82eff2e0:   0000006f82eff3c8 00007ff9587d92eb
0x0000006f82eff2f0:   0000000000000000 0000000000000038
0x0000006f82eff300:   0000006f82eff398 00007ff957230070
0x0000006f82eff310:   0000000000000000 00007ff958e50e64
0x0000006f82eff320:   00007ff9231561b0 0000000000000000
0x0000006f82eff330:   0000000000000048 0000000000000001 

Instructions: (pc=0x00007ff923156d4e)
0x00007ff923156c4e:   e8 8d d8 ff ff 33 d2 8d 4a 20 ff 15 2a ef 06 00
0x00007ff923156c5e:   8b d0 33 f6 89 74 24 20 4c 8d 4c 24 50 4c 8d 05
0x00007ff923156c6e:   4e 25 07 00 8d 4e 20 ff 15 55 ec 06 00 33 d2 49
0x00007ff923156c7e:   8b ce ff 15 1a ec 06 00 48 8b d8 48 85 c0 0f 85
0x00007ff923156c8e:   84 00 00 00 4c 8d 05 a7 92 03 00 8d 56 09 48 8d
0x00007ff923156c9e:   8c 24 88 00 00 00 ff 15 76 98 01 00 44 8d 46 10
0x00007ff923156cae:   48 8d 54 24 70 49 8b ce ff 15 a4 96 01 00 48 8d
0x00007ff923156cbe:   44 24 70 49 c7 c0 ff ff ff ff 0f 1f 84 00 00 00
0x00007ff923156cce:   00 00 49 ff c0 66 42 39 34 40 75 f6 4b 8d 04 00
0x00007ff923156cde:   48 8d 8c 24 98 00 00 00 48 2b c8 48 8d 54 24 70
0x00007ff923156cee:   e8 f1 61 01 00 33 d2 48 8d 8c 24 88 00 00 00 ff
0x00007ff923156cfe:   15 95 eb 06 00 48 85 c0 74 0e 33 d2 48 8b c8 ff
0x00007ff923156d0e:   15 8d eb 06 00 48 8b d8 48 85 db 40 0f 95 c6 4c
0x00007ff923156d1e:   8b 07 33 d2 48 8b cf 41 ff 90 a0 00 00 00 90 48
0x00007ff923156d2e:   8b c6 e9 9d 01 00 00 48 8b 07 4c 8b 05 81 1e 07
0x00007ff923156d3e:   00 48 8b d3 48 8b cf ff 90 28 03 00 00 48 8b c8
0x00007ff923156d4e:   4c 8b 08 49 8b c6 48 c1 e8 10 44 0f bf c0 41 0f
0x00007ff923156d5e:   bf d6 41 ff 91 60 02 00 00 48 8b 07 48 8b d3 48
0x00007ff923156d6e:   8b cf ff 90 b0 00 00 00 33 f6 48 89 35 89 23 07
0x00007ff923156d7e:   00 48 8b 0d 7a 23 07 00 ff 15 f4 93 01 00 90 48
0x00007ff923156d8e:   8b 07 33 d2 48 8b cf ff 90 a0 00 00 00 90 33 c0
0x00007ff923156d9e:   e9 2f 01 00 00 ba ff ff ff ff 49 8b ce ff 15 df
0x00007ff923156dae:   92 01 00 8b d8 4c 8b 07 33 d2 48 8b cf 41 ff 90
0x00007ff923156dbe:   a0 00 00 00 90 8b c3 e9 08 01 00 00 49 8b ce ff
0x00007ff923156dce:   d3 48 8b d8 4c 8b 07 33 d2 48 8b cf 41 ff 90 a0
0x00007ff923156dde:   00 00 00 90 48 8b c3 e9 e8 00 00 00 ff d3 48 8b
0x00007ff923156dee:   d8 4c 8b 07 33 d2 48 8b cf 41 ff 90 a0 00 00 00
0x00007ff923156dfe:   90 48 8b c3 e9 cb 00 00 00 41 8b d6 48 8b cb e8
0x00007ff923156e0e:   45 3e 01 00 33 f6 48 89 35 ed 22 07 00 48 8b 0d
0x00007ff923156e1e:   de 22 07 00 ff 15 58 93 01 00 90 48 8b 07 33 d2
0x00007ff923156e2e:   48 8b cf ff 90 a0 00 00 00 90 33 c0 e9 93 00 00
0x00007ff923156e3e:   00 48 8b cb e8 fe 3d 01 00 8b c0 48 89 05 b8 22 


Stack slot to memory mapping:
stack at sp + 0 slots: 0x000002189d61b6c0 is a global jni handle
stack at sp + 1 slots: 0x0 is NULL
stack at sp + 2 slots: 0x0000000000000286 is an unknown value
stack at sp + 3 slots: 0x0000000000000003 is an unknown value
stack at sp + 4 slots: 0x00009aee340914cb is an unknown value
stack at sp + 5 slots: 0x00007ff9571a2107 USER32.dll
stack at sp + 6 slots: 0x0000006f82eff398 is pointing into the stack for thread: 0x000002189d593070
stack at sp + 7 slots: 0x00007ff923157113 awt.dll


---------------  P R O C E S S  ---------------

Threads class SMR info:
_java_thread_list=0x000002189d341040, length=19, elements={
0x000002189d0460e0, 0x000002189d046e30, 0x000002189d07cf20, 0x000002189d07d7f0,
0x000002189d07e0c0, 0x000002189d07e990, 0x000002189d0a7700, 0x000002189d0a8010,
0x000002189d0a9100, 0x000002189d2237e0, 0x000002189d223cc0, 0x000002189d3fe1a0,
0x000002189d3fe680, 0x000002189d593070, 0x000002189d68e010, 0x000002189d7097e0,
0x000002189d70ad60, 0x00000218faa76650, 0x000002189d3ee670
}

Java Threads: ( => current thread )
  0x000002189d0460e0 JavaThread "Reference Handler" daemon [_thread_blocked, id=5600, stack(0x0000006f82000000,0x0000006f82100000)]
  0x000002189d046e30 JavaThread "Finalizer" daemon [_thread_blocked, id=7784, stack(0x0000006f82100000,0x0000006f82200000)]
  0x000002189d07cf20 JavaThread "Signal Dispatcher" daemon [_thread_blocked, id=6364, stack(0x0000006f82200000,0x0000006f82300000)]
  0x000002189d07d7f0 JavaThread "Attach Listener" daemon [_thread_blocked, id=8260, stack(0x0000006f82300000,0x0000006f82400000)]
  0x000002189d07e0c0 JavaThread "Service Thread" daemon [_thread_blocked, id=8576, stack(0x0000006f82400000,0x0000006f82500000)]
  0x000002189d07e990 JavaThread "Monitor Deflation Thread" daemon [_thread_blocked, id=1896, stack(0x0000006f82500000,0x0000006f82600000)]
  0x000002189d0a7700 JavaThread "C2 CompilerThread0" daemon [_thread_blocked, id=3492, stack(0x0000006f82600000,0x0000006f82700000)]
  0x000002189d0a8010 JavaThread "C1 CompilerThread0" daemon [_thread_blocked, id=11224, stack(0x0000006f82700000,0x0000006f82800000)]
  0x000002189d0a9100 JavaThread "Sweeper thread" daemon [_thread_blocked, id=10196, stack(0x0000006f82800000,0x0000006f82900000)]
  0x000002189d2237e0 JavaThread "Notification Thread" daemon [_thread_blocked, id=1388, stack(0x0000006f82900000,0x0000006f82a00000)]
  0x000002189d223cc0 JavaThread "Common-Cleaner" daemon [_thread_blocked, id=2164, stack(0x0000006f82b00000,0x0000006f82c00000)]
  0x000002189d3fe1a0 JavaThread "Java2D Disposer" daemon [_thread_blocked, id=3076, stack(0x0000006f82c00000,0x0000006f82d00000)]
  0x000002189d3fe680 JavaThread "AWT-Shutdown" [_thread_blocked, id=5988, stack(0x0000006f82d00000,0x0000006f82e00000)]
=>0x000002189d593070 JavaThread "AWT-Windows" daemon [_thread_in_native, id=10884, stack(0x0000006f82e00000,0x0000006f82f00000)]
  0x000002189d68e010 JavaThread "AWT-EventQueue-0" [_thread_in_native, id=7164, stack(0x0000006f82f00000,0x0000006f83000000)]
  0x000002189d7097e0 JavaThread "TimerQueue" daemon [_thread_blocked, id=7448, stack(0x0000006f83300000,0x0000006f83400000)]
  0x000002189d70ad60 JavaThread "Thread-0" [_thread_blocked, id=6312, stack(0x0000006f83400000,0x0000006f83500000)]
  0x00000218faa76650 JavaThread "DestroyJavaVM" [_thread_blocked, id=12196, stack(0x0000006f81900000,0x0000006f81a00000)]
  0x000002189d3ee670 JavaThread "ToolkitShutdown" daemon [_thread_in_native, id=11220, stack(0x0000006f81600000,0x0000006f81700000)]

Other Threads:
  0x00000218ffe7d900 VMThread "VM Thread" [stack: 0x0000006f81f00000,0x0000006f82000000] [id=8768]
  0x00000218ffe3aae0 WatcherThread [stack: 0x0000006f82a00000,0x0000006f82b00000] [id=9144]
  0x00000218faae4760 GCTaskThread "GC Thread#0" [stack: 0x0000006f81a00000,0x0000006f81b00000] [id=8632]
  0x00000218faaf53d0 ConcurrentGCThread "G1 Main Marker" [stack: 0x0000006f81b00000,0x0000006f81c00000] [id=2044]
  0x00000218faaf6430 ConcurrentGCThread "G1 Conc#0" [stack: 0x0000006f81c00000,0x0000006f81d00000] [id=11740]
  0x00000218fab3eb60 ConcurrentGCThread "G1 Refine#0" [stack: 0x0000006f81d00000,0x0000006f81e00000] [id=464]
  0x00000218ffd024c0 ConcurrentGCThread "G1 Service" [stack: 0x0000006f81e00000,0x0000006f81f00000] [id=3096]

Threads with active compile tasks:

VM state: not at safepoint (normal execution)

VM Mutex/Monitor currently owned by a thread: None

Heap address: 0x0000000701800000, size: 4072 MB, Compressed Oops mode: Zero based, Oop shift amount: 3

CDS archive(s) not mapped
Compressed class space mapped at: 0x0000000800000000-0x0000000840000000, reserved size: 1073741824
Narrow klass base: 0x0000000800000000, Narrow klass shift: 0, Narrow klass range: 0x40000000

GC Precious Log:
 CPUs: 4 total, 4 available
 Memory: 16284M
 Large Page Support: Disabled
 NUMA Support: Disabled
 Compressed Oops: Enabled (Zero based)
 Heap Region Size: 2M
 Heap Min Capacity: 8M
 Heap Initial Capacity: 256M
 Heap Max Capacity: 4072M
 Pre-touch: Disabled
 Parallel Workers: 4
 Concurrent Workers: 1
 Concurrent Refinement Workers: 4
 Periodic GC: Disabled

Heap:
 garbage-first heap   total 262144K, used 6144K [0x0000000701800000, 0x0000000800000000)
  region size 2048K, 5 young (10240K), 0 survivors (0K)
 Metaspace       used 16069K, committed 16256K, reserved 1114112K
  class space    used 1630K, committed 1728K, reserved 1048576K

Heap Regions: E=young(eden), S=young(survivor), O=old, HS=humongous(starts), HC=humongous(continues), CS=collection set, F=free, OA=open archive, CA=closed archive, TAMS=top-at-mark-start (previous, next)
|   0|0x0000000701800000, 0x0000000701800000, 0x0000000701a00000|  0%| F|  |TAMS 0x0000000701800000, 0x0000000701800000| Untracked 
|   1|0x0000000701a00000, 0x0000000701a00000, 0x0000000701c00000|  0%| F|  |TAMS 0x0000000701a00000, 0x0000000701a00000| Untracked 
|   2|0x0000000701c00000, 0x0000000701c00000, 0x0000000701e00000|  0%| F|  |TAMS 0x0000000701c00000, 0x0000000701c00000| Untracked 
|   3|0x0000000701e00000, 0x0000000701e00000, 0x0000000702000000|  0%| F|  |TAMS 0x0000000701e00000, 0x0000000701e00000| Untracked 
|   4|0x0000000702000000, 0x0000000702000000, 0x0000000702200000|  0%| F|  |TAMS 0x0000000702000000, 0x0000000702000000| Untracked 
|   5|0x0000000702200000, 0x0000000702200000, 0x0000000702400000|  0%| F|  |TAMS 0x0000000702200000, 0x0000000702200000| Untracked 
|   6|0x0000000702400000, 0x0000000702400000, 0x0000000702600000|  0%| F|  |TAMS 0x0000000702400000, 0x0000000702400000| Untracked 
|   7|0x0000000702600000, 0x0000000702600000, 0x0000000702800000|  0%| F|  |TAMS 0x0000000702600000, 0x0000000702600000| Untracked 
|   8|0x0000000702800000, 0x0000000702800000, 0x0000000702a00000|  0%| F|  |TAMS 0x0000000702800000, 0x0000000702800000| Untracked 
|   9|0x0000000702a00000, 0x0000000702a00000, 0x0000000702c00000|  0%| F|  |TAMS 0x0000000702a00000, 0x0000000702a00000| Untracked 
|  10|0x0000000702c00000, 0x0000000702c00000, 0x0000000702e00000|  0%| F|  |TAMS 0x0000000702c00000, 0x0000000702c00000| Untracked 
|  11|0x0000000702e00000, 0x0000000702e00000, 0x0000000703000000|  0%| F|  |TAMS 0x0000000702e00000, 0x0000000702e00000| Untracked 
|  12|0x0000000703000000, 0x0000000703000000, 0x0000000703200000|  0%| F|  |TAMS 0x0000000703000000, 0x0000000703000000| Untracked 
|  13|0x0000000703200000, 0x0000000703200000, 0x0000000703400000|  0%| F|  |TAMS 0x0000000703200000, 0x0000000703200000| Untracked 
|  14|0x0000000703400000, 0x0000000703400000, 0x0000000703600000|  0%| F|  |TAMS 0x0000000703400000, 0x0000000703400000| Untracked 
|  15|0x0000000703600000, 0x0000000703600000, 0x0000000703800000|  0%| F|  |TAMS 0x0000000703600000, 0x0000000703600000| Untracked 
|  16|0x0000000703800000, 0x0000000703800000, 0x0000000703a00000|  0%| F|  |TAMS 0x0000000703800000, 0x0000000703800000| Untracked 
|  17|0x0000000703a00000, 0x0000000703a00000, 0x0000000703c00000|  0%| F|  |TAMS 0x0000000703a00000, 0x0000000703a00000| Untracked 
|  18|0x0000000703c00000, 0x0000000703c00000, 0x0000000703e00000|  0%| F|  |TAMS 0x0000000703c00000, 0x0000000703c00000| Untracked 
|  19|0x0000000703e00000, 0x0000000703e00000, 0x0000000704000000|  0%| F|  |TAMS 0x0000000703e00000, 0x0000000703e00000| Untracked 
|  20|0x0000000704000000, 0x0000000704000000, 0x0000000704200000|  0%| F|  |TAMS 0x0000000704000000, 0x0000000704000000| Untracked 
|  21|0x0000000704200000, 0x0000000704200000, 0x0000000704400000|  0%| F|  |TAMS 0x0000000704200000, 0x0000000704200000| Untracked 
|  22|0x0000000704400000, 0x0000000704400000, 0x0000000704600000|  0%| F|  |TAMS 0x0000000704400000, 0x0000000704400000| Untracked 
|  23|0x0000000704600000, 0x0000000704600000, 0x0000000704800000|  0%| F|  |TAMS 0x0000000704600000, 0x0000000704600000| Untracked 
|  24|0x0000000704800000, 0x0000000704800000, 0x0000000704a00000|  0%| F|  |TAMS 0x0000000704800000, 0x0000000704800000| Untracked 
|  25|0x0000000704a00000, 0x0000000704a00000, 0x0000000704c00000|  0%| F|  |TAMS 0x0000000704a00000, 0x0000000704a00000| Untracked 
|  26|0x0000000704c00000, 0x0000000704c00000, 0x0000000704e00000|  0%| F|  |TAMS 0x0000000704c00000, 0x0000000704c00000| Untracked 
|  27|0x0000000704e00000, 0x0000000704e00000, 0x0000000705000000|  0%| F|  |TAMS 0x0000000704e00000, 0x0000000704e00000| Untracked 
|  28|0x0000000705000000, 0x0000000705000000, 0x0000000705200000|  0%| F|  |TAMS 0x0000000705000000, 0x0000000705000000| Untracked 
|  29|0x0000000705200000, 0x0000000705200000, 0x0000000705400000|  0%| F|  |TAMS 0x0000000705200000, 0x0000000705200000| Untracked 
|  30|0x0000000705400000, 0x0000000705400000, 0x0000000705600000|  0%| F|  |TAMS 0x0000000705400000, 0x0000000705400000| Untracked 
|  31|0x0000000705600000, 0x0000000705600000, 0x0000000705800000|  0%| F|  |TAMS 0x0000000705600000, 0x0000000705600000| Untracked 
|  32|0x0000000705800000, 0x0000000705800000, 0x0000000705a00000|  0%| F|  |TAMS 0x0000000705800000, 0x0000000705800000| Untracked 
|  33|0x0000000705a00000, 0x0000000705a00000, 0x0000000705c00000|  0%| F|  |TAMS 0x0000000705a00000, 0x0000000705a00000| Untracked 
|  34|0x0000000705c00000, 0x0000000705c00000, 0x0000000705e00000|  0%| F|  |TAMS 0x0000000705c00000, 0x0000000705c00000| Untracked 
|  35|0x0000000705e00000, 0x0000000705e00000, 0x0000000706000000|  0%| F|  |TAMS 0x0000000705e00000, 0x0000000705e00000| Untracked 
|  36|0x0000000706000000, 0x0000000706000000, 0x0000000706200000|  0%| F|  |TAMS 0x0000000706000000, 0x0000000706000000| Untracked 
|  37|0x0000000706200000, 0x0000000706200000, 0x0000000706400000|  0%| F|  |TAMS 0x0000000706200000, 0x0000000706200000| Untracked 
|  38|0x0000000706400000, 0x0000000706400000, 0x0000000706600000|  0%| F|  |TAMS 0x0000000706400000, 0x0000000706400000| Untracked 
|  39|0x0000000706600000, 0x0000000706600000, 0x0000000706800000|  0%| F|  |TAMS 0x0000000706600000, 0x0000000706600000| Untracked 
|  40|0x0000000706800000, 0x0000000706800000, 0x0000000706a00000|  0%| F|  |TAMS 0x0000000706800000, 0x0000000706800000| Untracked 
|  41|0x0000000706a00000, 0x0000000706a00000, 0x0000000706c00000|  0%| F|  |TAMS 0x0000000706a00000, 0x0000000706a00000| Untracked 
|  42|0x0000000706c00000, 0x0000000706c00000, 0x0000000706e00000|  0%| F|  |TAMS 0x0000000706c00000, 0x0000000706c00000| Untracked 
|  43|0x0000000706e00000, 0x0000000706e00000, 0x0000000707000000|  0%| F|  |TAMS 0x0000000706e00000, 0x0000000706e00000| Untracked 
|  44|0x0000000707000000, 0x0000000707000000, 0x0000000707200000|  0%| F|  |TAMS 0x0000000707000000, 0x0000000707000000| Untracked 
|  45|0x0000000707200000, 0x0000000707200000, 0x0000000707400000|  0%| F|  |TAMS 0x0000000707200000, 0x0000000707200000| Untracked 
|  46|0x0000000707400000, 0x0000000707400000, 0x0000000707600000|  0%| F|  |TAMS 0x0000000707400000, 0x0000000707400000| Untracked 
|  47|0x0000000707600000, 0x0000000707600000, 0x0000000707800000|  0%| F|  |TAMS 0x0000000707600000, 0x0000000707600000| Untracked 
|  48|0x0000000707800000, 0x0000000707800000, 0x0000000707a00000|  0%| F|  |TAMS 0x0000000707800000, 0x0000000707800000| Untracked 
|  49|0x0000000707a00000, 0x0000000707a00000, 0x0000000707c00000|  0%| F|  |TAMS 0x0000000707a00000, 0x0000000707a00000| Untracked 
|  50|0x0000000707c00000, 0x0000000707c00000, 0x0000000707e00000|  0%| F|  |TAMS 0x0000000707c00000, 0x0000000707c00000| Untracked 
|  51|0x0000000707e00000, 0x0000000707e00000, 0x0000000708000000|  0%| F|  |TAMS 0x0000000707e00000, 0x0000000707e00000| Untracked 
|  52|0x0000000708000000, 0x0000000708000000, 0x0000000708200000|  0%| F|  |TAMS 0x0000000708000000, 0x0000000708000000| Untracked 
|  53|0x0000000708200000, 0x0000000708200000, 0x0000000708400000|  0%| F|  |TAMS 0x0000000708200000, 0x0000000708200000| Untracked 
|  54|0x0000000708400000, 0x0000000708400000, 0x0000000708600000|  0%| F|  |TAMS 0x0000000708400000, 0x0000000708400000| Untracked 
|  55|0x0000000708600000, 0x0000000708600000, 0x0000000708800000|  0%| F|  |TAMS 0x0000000708600000, 0x0000000708600000| Untracked 
|  56|0x0000000708800000, 0x0000000708800000, 0x0000000708a00000|  0%| F|  |TAMS 0x0000000708800000, 0x0000000708800000| Untracked 
|  57|0x0000000708a00000, 0x0000000708a00000, 0x0000000708c00000|  0%| F|  |TAMS 0x0000000708a00000, 0x0000000708a00000| Untracked 
|  58|0x0000000708c00000, 0x0000000708c00000, 0x0000000708e00000|  0%| F|  |TAMS 0x0000000708c00000, 0x0000000708c00000| Untracked 
|  59|0x0000000708e00000, 0x0000000708e00000, 0x0000000709000000|  0%| F|  |TAMS 0x0000000708e00000, 0x0000000708e00000| Untracked 
|  60|0x0000000709000000, 0x0000000709000000, 0x0000000709200000|  0%| F|  |TAMS 0x0000000709000000, 0x0000000709000000| Untracked 
|  61|0x0000000709200000, 0x0000000709200000, 0x0000000709400000|  0%| F|  |TAMS 0x0000000709200000, 0x0000000709200000| Untracked 
|  62|0x0000000709400000, 0x0000000709400000, 0x0000000709600000|  0%| F|  |TAMS 0x0000000709400000, 0x0000000709400000| Untracked 
|  63|0x0000000709600000, 0x0000000709600000, 0x0000000709800000|  0%| F|  |TAMS 0x0000000709600000, 0x0000000709600000| Untracked 
|  64|0x0000000709800000, 0x0000000709800000, 0x0000000709a00000|  0%| F|  |TAMS 0x0000000709800000, 0x0000000709800000| Untracked 
|  65|0x0000000709a00000, 0x0000000709a00000, 0x0000000709c00000|  0%| F|  |TAMS 0x0000000709a00000, 0x0000000709a00000| Untracked 
|  66|0x0000000709c00000, 0x0000000709c00000, 0x0000000709e00000|  0%| F|  |TAMS 0x0000000709c00000, 0x0000000709c00000| Untracked 
|  67|0x0000000709e00000, 0x0000000709e00000, 0x000000070a000000|  0%| F|  |TAMS 0x0000000709e00000, 0x0000000709e00000| Untracked 
|  68|0x000000070a000000, 0x000000070a000000, 0x000000070a200000|  0%| F|  |TAMS 0x000000070a000000, 0x000000070a000000| Untracked 
|  69|0x000000070a200000, 0x000000070a200000, 0x000000070a400000|  0%| F|  |TAMS 0x000000070a200000, 0x000000070a200000| Untracked 
|  70|0x000000070a400000, 0x000000070a400000, 0x000000070a600000|  0%| F|  |TAMS 0x000000070a400000, 0x000000070a400000| Untracked 
|  71|0x000000070a600000, 0x000000070a600000, 0x000000070a800000|  0%| F|  |TAMS 0x000000070a600000, 0x000000070a600000| Untracked 
|  72|0x000000070a800000, 0x000000070a800000, 0x000000070aa00000|  0%| F|  |TAMS 0x000000070a800000, 0x000000070a800000| Untracked 
|  73|0x000000070aa00000, 0x000000070aa00000, 0x000000070ac00000|  0%| F|  |TAMS 0x000000070aa00000, 0x000000070aa00000| Untracked 
|  74|0x000000070ac00000, 0x000000070ac00000, 0x000000070ae00000|  0%| F|  |TAMS 0x000000070ac00000, 0x000000070ac00000| Untracked 
|  75|0x000000070ae00000, 0x000000070ae00000, 0x000000070b000000|  0%| F|  |TAMS 0x000000070ae00000, 0x000000070ae00000| Untracked 
|  76|0x000000070b000000, 0x000000070b000000, 0x000000070b200000|  0%| F|  |TAMS 0x000000070b000000, 0x000000070b000000| Untracked 
|  77|0x000000070b200000, 0x000000070b200000, 0x000000070b400000|  0%| F|  |TAMS 0x000000070b200000, 0x000000070b200000| Untracked 
|  78|0x000000070b400000, 0x000000070b400000, 0x000000070b600000|  0%| F|  |TAMS 0x000000070b400000, 0x000000070b400000| Untracked 
|  79|0x000000070b600000, 0x000000070b600000, 0x000000070b800000|  0%| F|  |TAMS 0x000000070b600000, 0x000000070b600000| Untracked 
|  80|0x000000070b800000, 0x000000070b800000, 0x000000070ba00000|  0%| F|  |TAMS 0x000000070b800000, 0x000000070b800000| Untracked 
|  81|0x000000070ba00000, 0x000000070ba00000, 0x000000070bc00000|  0%| F|  |TAMS 0x000000070ba00000, 0x000000070ba00000| Untracked 
|  82|0x000000070bc00000, 0x000000070bc00000, 0x000000070be00000|  0%| F|  |TAMS 0x000000070bc00000, 0x000000070bc00000| Untracked 
|  83|0x000000070be00000, 0x000000070be00000, 0x000000070c000000|  0%| F|  |TAMS 0x000000070be00000, 0x000000070be00000| Untracked 
|  84|0x000000070c000000, 0x000000070c000000, 0x000000070c200000|  0%| F|  |TAMS 0x000000070c000000, 0x000000070c000000| Untracked 
|  85|0x000000070c200000, 0x000000070c200000, 0x000000070c400000|  0%| F|  |TAMS 0x000000070c200000, 0x000000070c200000| Untracked 
|  86|0x000000070c400000, 0x000000070c400000, 0x000000070c600000|  0%| F|  |TAMS 0x000000070c400000, 0x000000070c400000| Untracked 
|  87|0x000000070c600000, 0x000000070c600000, 0x000000070c800000|  0%| F|  |TAMS 0x000000070c600000, 0x000000070c600000| Untracked 
|  88|0x000000070c800000, 0x000000070c800000, 0x000000070ca00000|  0%| F|  |TAMS 0x000000070c800000, 0x000000070c800000| Untracked 
|  89|0x000000070ca00000, 0x000000070ca00000, 0x000000070cc00000|  0%| F|  |TAMS 0x000000070ca00000, 0x000000070ca00000| Untracked 
|  90|0x000000070cc00000, 0x000000070cc00000, 0x000000070ce00000|  0%| F|  |TAMS 0x000000070cc00000, 0x000000070cc00000| Untracked 
|  91|0x000000070ce00000, 0x000000070ce00000, 0x000000070d000000|  0%| F|  |TAMS 0x000000070ce00000, 0x000000070ce00000| Untracked 
|  92|0x000000070d000000, 0x000000070d000000, 0x000000070d200000|  0%| F|  |TAMS 0x000000070d000000, 0x000000070d000000| Untracked 
|  93|0x000000070d200000, 0x000000070d200000, 0x000000070d400000|  0%| F|  |TAMS 0x000000070d200000, 0x000000070d200000| Untracked 
|  94|0x000000070d400000, 0x000000070d400000, 0x000000070d600000|  0%| F|  |TAMS 0x000000070d400000, 0x000000070d400000| Untracked 
|  95|0x000000070d600000, 0x000000070d600000, 0x000000070d800000|  0%| F|  |TAMS 0x000000070d600000, 0x000000070d600000| Untracked 
|  96|0x000000070d800000, 0x000000070d800000, 0x000000070da00000|  0%| F|  |TAMS 0x000000070d800000, 0x000000070d800000| Untracked 
|  97|0x000000070da00000, 0x000000070da00000, 0x000000070dc00000|  0%| F|  |TAMS 0x000000070da00000, 0x000000070da00000| Untracked 
|  98|0x000000070dc00000, 0x000000070dc00000, 0x000000070de00000|  0%| F|  |TAMS 0x000000070dc00000, 0x000000070dc00000| Untracked 
|  99|0x000000070de00000, 0x000000070de00000, 0x000000070e000000|  0%| F|  |TAMS 0x000000070de00000, 0x000000070de00000| Untracked 
| 100|0x000000070e000000, 0x000000070e000000, 0x000000070e200000|  0%| F|  |TAMS 0x000000070e000000, 0x000000070e000000| Untracked 
| 101|0x000000070e200000, 0x000000070e200000, 0x000000070e400000|  0%| F|  |TAMS 0x000000070e200000, 0x000000070e200000| Untracked 
| 102|0x000000070e400000, 0x000000070e400000, 0x000000070e600000|  0%| F|  |TAMS 0x000000070e400000, 0x000000070e400000| Untracked 
| 103|0x000000070e600000, 0x000000070e600000, 0x000000070e800000|  0%| F|  |TAMS 0x000000070e600000, 0x000000070e600000| Untracked 
| 104|0x000000070e800000, 0x000000070e800000, 0x000000070ea00000|  0%| F|  |TAMS 0x000000070e800000, 0x000000070e800000| Untracked 
| 105|0x000000070ea00000, 0x000000070ea00000, 0x000000070ec00000|  0%| F|  |TAMS 0x000000070ea00000, 0x000000070ea00000| Untracked 
| 106|0x000000070ec00000, 0x000000070ec00000, 0x000000070ee00000|  0%| F|  |TAMS 0x000000070ec00000, 0x000000070ec00000| Untracked 
| 107|0x000000070ee00000, 0x000000070ee00000, 0x000000070f000000|  0%| F|  |TAMS 0x000000070ee00000, 0x000000070ee00000| Untracked 
| 108|0x000000070f000000, 0x000000070f000000, 0x000000070f200000|  0%| F|  |TAMS 0x000000070f000000, 0x000000070f000000| Untracked 
| 109|0x000000070f200000, 0x000000070f200000, 0x000000070f400000|  0%| F|  |TAMS 0x000000070f200000, 0x000000070f200000| Untracked 
| 110|0x000000070f400000, 0x000000070f400000, 0x000000070f600000|  0%| F|  |TAMS 0x000000070f400000, 0x000000070f400000| Untracked 
| 111|0x000000070f600000, 0x000000070f600000, 0x000000070f800000|  0%| F|  |TAMS 0x000000070f600000, 0x000000070f600000| Untracked 
| 112|0x000000070f800000, 0x000000070f800000, 0x000000070fa00000|  0%| F|  |TAMS 0x000000070f800000, 0x000000070f800000| Untracked 
| 113|0x000000070fa00000, 0x000000070fa00000, 0x000000070fc00000|  0%| F|  |TAMS 0x000000070fa00000, 0x000000070fa00000| Untracked 
| 114|0x000000070fc00000, 0x000000070fc00000, 0x000000070fe00000|  0%| F|  |TAMS 0x000000070fc00000, 0x000000070fc00000| Untracked 
| 115|0x000000070fe00000, 0x000000070fe00000, 0x0000000710000000|  0%| F|  |TAMS 0x000000070fe00000, 0x000000070fe00000| Untracked 
| 116|0x0000000710000000, 0x0000000710000000, 0x0000000710200000|  0%| F|  |TAMS 0x0000000710000000, 0x0000000710000000| Untracked 
| 117|0x0000000710200000, 0x0000000710200000, 0x0000000710400000|  0%| F|  |TAMS 0x0000000710200000, 0x0000000710200000| Untracked 
| 118|0x0000000710400000, 0x0000000710400000, 0x0000000710600000|  0%| F|  |TAMS 0x0000000710400000, 0x0000000710400000| Untracked 
| 119|0x0000000710600000, 0x0000000710600000, 0x0000000710800000|  0%| F|  |TAMS 0x0000000710600000, 0x0000000710600000| Untracked 
| 120|0x0000000710800000, 0x0000000710800000, 0x0000000710a00000|  0%| F|  |TAMS 0x0000000710800000, 0x0000000710800000| Untracked 
| 121|0x0000000710a00000, 0x0000000710a00000, 0x0000000710c00000|  0%| F|  |TAMS 0x0000000710a00000, 0x0000000710a00000| Untracked 
| 122|0x0000000710c00000, 0x0000000710c00000, 0x0000000710e00000|  0%| F|  |TAMS 0x0000000710c00000, 0x0000000710c00000| Untracked 
| 123|0x0000000710e00000, 0x0000000710f929c8, 0x0000000711000000| 78%| E|  |TAMS 0x0000000710e00000, 0x0000000710e00000| Complete 
| 124|0x0000000711000000, 0x0000000711200000, 0x0000000711200000|100%| E|CS|TAMS 0x0000000711000000, 0x0000000711000000| Complete 
| 125|0x0000000711200000, 0x0000000711400000, 0x0000000711400000|100%| E|  |TAMS 0x0000000711200000, 0x0000000711200000| Complete 
| 126|0x0000000711400000, 0x0000000711600000, 0x0000000711600000|100%| E|CS|TAMS 0x0000000711400000, 0x0000000711400000| Complete 
| 127|0x0000000711600000, 0x0000000711800000, 0x0000000711800000|100%| E|CS|TAMS 0x0000000711600000, 0x0000000711600000| Complete 

Card table byte_map: [0x00000218fe950000,0x00000218ff150000] _byte_map_base: 0x00000218fb144000

Marking Bits (Prev, Next): (CMBitMap*) 0x00000218faae4c20, (CMBitMap*) 0x00000218faae4c60
 Prev Bits: [0x000002188f000000, 0x0000021892fa0000)
 Next Bits: [0x0000021892fa0000, 0x0000021896f40000)

Polling page: 0x00000218f8910000

Metaspace:

Usage:
  Non-class:     14.10 MB used.
      Class:      1.59 MB used.
       Both:     15.69 MB used.

Virtual space:
  Non-class space:       64.00 MB reserved,      14.19 MB ( 22%) committed,  1 nodes.
      Class space:        1.00 GB reserved,       1.69 MB ( <1%) committed,  1 nodes.
             Both:        1.06 GB reserved,      15.88 MB (  1%) committed. 

Chunk freelists:
   Non-Class:  1.00 MB
       Class:  14.25 MB
        Both:  15.25 MB

MaxMetaspaceSize: unlimited
CompressedClassSpaceSize: 1.00 GB
Initial GC threshold: 21.00 MB
Current GC threshold: 21.00 MB
CDS: off
MetaspaceReclaimPolicy: balanced
 - commit_granule_bytes: 65536.
 - commit_granule_words: 8192.
 - virtual_space_node_default_size: 8388608.
 - enlarge_chunks_in_place: 1.
 - new_chunks_are_fully_committed: 0.
 - uncommit_free_chunks: 1.
 - use_allocation_guard: 0.
 - handle_deallocations: 1.


Internal statistics:

num_allocs_failed_limit: 0.
num_arena_births: 110.
num_arena_deaths: 0.
num_vsnodes_births: 2.
num_vsnodes_deaths: 0.
num_space_committed: 254.
num_space_uncommitted: 0.
num_chunks_returned_to_freelist: 0.
num_chunks_taken_from_freelist: 199.
num_chunk_merges: 0.
num_chunk_splits: 93.
num_chunks_enlarged: 30.
num_inconsistent_stats: 0.

CodeHeap 'non-profiled nmethods': size=120000Kb used=314Kb max_used=314Kb free=119685Kb
 bounds [0x0000021887ad0000, 0x0000021887d40000, 0x000002188f000000]
CodeHeap 'profiled nmethods': size=120000Kb used=2131Kb max_used=2131Kb free=117868Kb
 bounds [0x0000021880000000, 0x0000021880270000, 0x0000021887530000]
CodeHeap 'non-nmethods': size=5760Kb used=1292Kb max_used=1306Kb free=4467Kb
 bounds [0x0000021887530000, 0x00000218877a0000, 0x0000021887ad0000]
 total_blobs=1864 nmethods=1239 adapters=538
 compilation: enabled
              stopped_count=0, restarted_count=0
 full_count=0

Compilation events (20 events):
Event: 489.811 Thread 0x000002189d0a8010 1230  s    3       java.beans.ChangeListenerMap::get (25 bytes)
Event: 489.812 Thread 0x000002189d0a8010 nmethod 1230 0x0000021880210090 code [0x0000021880210240, 0x0000021880210628]
Event: 499.654 Thread 0x000002189d0a8010 1232       3       sun.java2d.SunGraphics2D::transformShape (36 bytes)
Event: 499.654 Thread 0x000002189d0a8010 nmethod 1232 0x0000021880210710 code [0x00000218802108e0, 0x0000021880210b38]
Event: 499.656 Thread 0x000002189d0a8010 1233       3       sun.java2d.SunGraphics2D::create (8 bytes)
Event: 499.656 Thread 0x000002189d0a8010 nmethod 1233 0x0000021880210c10 code [0x0000021880210dc0, 0x0000021880210fe8]
Event: 499.656 Thread 0x000002189d0a8010 1234   !   3       sun.java2d.SunGraphics2D::clone (114 bytes)
Event: 499.656 Thread 0x000002189d0a8010 nmethod 1234 0x0000021880211090 code [0x00000218802112e0, 0x0000021880211ea8]
Event: 499.656 Thread 0x000002189d0a8010 1235       3       sun.java2d.pipe.Region::getIntersection (37 bytes)
Event: 499.657 Thread 0x000002189d0a8010 nmethod 1235 0x0000021880212290 code [0x00000218802124e0, 0x0000021880213158]
Event: 499.660 Thread 0x000002189d0a8010 1236       3       javax.swing.text.SegmentCache::releaseSharedSegment (8 bytes)
Event: 499.660 Thread 0x000002189d0a8010 nmethod 1236 0x0000021880213410 code [0x00000218802135c0, 0x0000021880213768]
Event: 499.661 Thread 0x000002189d0a8010 1237       3       java.util.IdentityHashMap$IdentityHashMapIterator::<init> (63 bytes)
Event: 499.662 Thread 0x000002189d0a8010 nmethod 1237 0x0000021880213890 code [0x0000021880213a40, 0x0000021880213d18]
Event: 510.269 Thread 0x000002189d0a8010 1238       3       javax.swing.border.CompoundBorder::getBorderInsets (162 bytes)
Event: 510.269 Thread 0x000002189d0a8010 nmethod 1238 0x0000021880213e90 code [0x0000021880214060, 0x00000218802144b8]
Event: 510.270 Thread 0x000002189d0a8010 1239       3       sun.java2d.SunGraphics2D::translate (68 bytes)
Event: 510.270 Thread 0x000002189d0a8010 nmethod 1239 0x0000021880214690 code [0x0000021880214840, 0x0000021880214ad8]
Event: 707.217 Thread 0x000002189d0a8010 1240       3       java.awt.ComponentOrientation::isLeftToRight (15 bytes)
Event: 707.217 Thread 0x000002189d0a8010 nmethod 1240 0x0000021880214c10 code [0x0000021880214da0, 0x0000021880214f18]

GC Heap History (0 events):
No events

Dll operation events (8 events):
Event: 0.006 Loaded shared library D:\Download\eclipse-jee-2023-12-R-win32-x86_64\eclipse\plugins\org.eclipse.justj.openjdk.hotspot.jre.full.win32.x86_64_17.0.9.v20231028-0858\jre\bin\java.dll
Event: 0.126 Loaded shared library D:\Download\eclipse-jee-2023-12-R-win32-x86_64\eclipse\plugins\org.eclipse.justj.openjdk.hotspot.jre.full.win32.x86_64_17.0.9.v20231028-0858\jre\bin\jimage.dll
Event: 0.160 Loaded shared library D:\Download\eclipse-jee-2023-12-R-win32-x86_64\eclipse\plugins\org.eclipse.justj.openjdk.hotspot.jre.full.win32.x86_64_17.0.9.v20231028-0858\jre\bin\awt.dll
Event: 0.371 Loaded shared library D:\Download\eclipse-jee-2023-12-R-win32-x86_64\eclipse\plugins\org.eclipse.justj.openjdk.hotspot.jre.full.win32.x86_64_17.0.9.v20231028-0858\jre\bin\freetype.dll
Event: 0.372 Loaded shared library D:\Download\eclipse-jee-2023-12-R-win32-x86_64\eclipse\plugins\org.eclipse.justj.openjdk.hotspot.jre.full.win32.x86_64_17.0.9.v20231028-0858\jre\bin\fontmanager.dll
Event: 0.420 Loaded shared library D:\Download\eclipse-jee-2023-12-R-win32-x86_64\eclipse\plugins\org.eclipse.justj.openjdk.hotspot.jre.full.win32.x86_64_17.0.9.v20231028-0858\jre\bin\net.dll
Event: 0.422 Loaded shared library D:\Download\eclipse-jee-2023-12-R-win32-x86_64\eclipse\plugins\org.eclipse.justj.openjdk.hotspot.jre.full.win32.x86_64_17.0.9.v20231028-0858\jre\bin\nio.dll
Event: 221.092 Loaded shared library D:\Download\eclipse-jee-2023-12-R-win32-x86_64\eclipse\plugins\org.eclipse.justj.openjdk.hotspot.jre.full.win32.x86_64_17.0.9.v20231028-0858\jre\bin\zip.dll

Deoptimization events (20 events):
Event: 216.140 Thread 0x000002189d68e010 Uncommon trap: trap_request=0xffffffde fr.pc=0x0000021887aed418 relative=0x0000000000000198
Event: 216.140 Thread 0x000002189d68e010 Uncommon trap: reason=class_check action=maybe_recompile pc=0x0000021887aed418 method=java.lang.String.equals(Ljava/lang/Object;)Z @ 8 c2
Event: 216.140 Thread 0x000002189d68e010 DEOPT PACKING pc=0x0000021887aed418 sp=0x0000006f82ffe160
Event: 216.140 Thread 0x000002189d68e010 DEOPT UNPACKING pc=0x00000218875869a3 sp=0x0000006f82ffe108 mode 2
Event: 221.091 Thread 0x000002189d68e010 Uncommon trap: trap_request=0xffffff45 fr.pc=0x0000021887afd490 relative=0x0000000000000090
Event: 221.091 Thread 0x000002189d68e010 Uncommon trap: reason=unstable_if action=reinterpret pc=0x0000021887afd490 method=jdk.internal.misc.Unsafe.convEndian(ZI)I @ 4 c2
Event: 221.091 Thread 0x000002189d68e010 DEOPT PACKING pc=0x0000021887afd490 sp=0x0000006f82ffc590
Event: 221.091 Thread 0x000002189d68e010 DEOPT UNPACKING pc=0x00000218875869a3 sp=0x0000006f82ffc3b0 mode 2
Event: 221.091 Thread 0x000002189d68e010 Uncommon trap: trap_request=0xffffff45 fr.pc=0x0000021887afd810 relative=0x0000000000000090
Event: 221.091 Thread 0x000002189d68e010 Uncommon trap: reason=unstable_if action=reinterpret pc=0x0000021887afd810 method=jdk.internal.misc.Unsafe.convEndian(ZI)I @ 4 c2
Event: 221.091 Thread 0x000002189d68e010 DEOPT PACKING pc=0x0000021887afd810 sp=0x0000006f82ffc500
Event: 221.091 Thread 0x000002189d68e010 DEOPT UNPACKING pc=0x00000218875869a3 sp=0x0000006f82ffc3b0 mode 2
Event: 221.091 Thread 0x000002189d68e010 Uncommon trap: trap_request=0xffffff45 fr.pc=0x0000021887afccf4 relative=0x0000000000000074
Event: 221.091 Thread 0x000002189d68e010 Uncommon trap: reason=unstable_if action=reinterpret pc=0x0000021887afccf4 method=jdk.internal.misc.Unsafe.convEndian(ZI)I @ 4 c2
Event: 221.091 Thread 0x000002189d68e010 DEOPT PACKING pc=0x0000021887afccf4 sp=0x0000006f82ffc480
Event: 221.091 Thread 0x000002189d68e010 DEOPT UNPACKING pc=0x00000218875869a3 sp=0x0000006f82ffc3b0 mode 2
Event: 222.176 Thread 0x000002189d68e010 Uncommon trap: trap_request=0xffffff45 fr.pc=0x0000021887af47b8 relative=0x0000000000000038
Event: 222.176 Thread 0x000002189d68e010 Uncommon trap: reason=unstable_if action=reinterpret pc=0x0000021887af47b8 method=java.lang.StringLatin1.canEncode(I)Z @ 4 c2
Event: 222.176 Thread 0x000002189d68e010 DEOPT PACKING pc=0x0000021887af47b8 sp=0x0000006f82ffe920
Event: 222.176 Thread 0x000002189d68e010 DEOPT UNPACKING pc=0x00000218875869a3 sp=0x0000006f82ffe8b0 mode 2

Classes unloaded (0 events):
No events

Classes redefined (0 events):
No events

Internal exceptions (15 events):
Event: 0.149 Thread 0x00000218faa76650 Exception <a 'java/lang/ClassNotFoundException'{0x0000000711770870}: sun/awt/resources/spi/awtProvider> (0x0000000711770870) 
thrown [s\src\hotspot\share\classfile\systemDictionary.cpp, line 256]
Event: 0.178 Thread 0x00000218faa76650 Exception <a 'java/io/FileNotFoundException'{0x00000007117cb098}> (0x00000007117cb098) 
thrown [s\src\hotspot\share\prims\jni.cpp, line 516]
Event: 0.185 Thread 0x00000218faa76650 Exception <a 'java/io/FileNotFoundException'{0x00000007117f84a0}> (0x00000007117f84a0) 
thrown [s\src\hotspot\share\prims\jni.cpp, line 516]
Event: 0.230 Thread 0x00000218faa76650 Exception <a 'java/lang/NoSuchMethodError'{0x000000071144ae30}: 'java.lang.Object java.lang.invoke.DirectMethodHandle$Holder.invokeStaticInit(java.lang.Object)'> (0x000000071144ae30) 
thrown [s\src\hotspot\share\interpreter\linkResolver.cpp, line 759]
Event: 0.266 Thread 0x00000218faa76650 Exception <a 'java/lang/NoSuchMethodError'{0x00000007114d25f0}: 'void java.lang.invoke.DirectMethodHandle$Holder.invokeSpecial(java.lang.Object, java.lang.Object, java.lang.Object)'> (0x00000007114d25f0) 
thrown [s\src\hotspot\share\interpreter\linkResolver.cpp, line 759]
Event: 0.274 Thread 0x00000218faa76650 Exception <a 'java/lang/NoSuchMethodError'{0x00000007114fcc80}: 'java.lang.Object java.lang.invoke.DirectMethodHandle$Holder.newInvokeSpecial(java.lang.Object, java.lang.Object, java.lang.Object, java.lang.Object, java.lang.Object)'> (0x00000007114fcc80) 
thrown [s\src\hotspot\share\interpreter\linkResolver.cpp, line 759]
Event: 0.275 Thread 0x00000218faa76650 Exception <a 'java/lang/NoSuchMethodError'{0x00000007115086b0}: 'java.lang.Object java.lang.invoke.DirectMethodHandle$Holder.invokeStatic(java.lang.Object, int, java.lang.Object, java.lang.Object, java.lang.Object, java.lang.Object)'> (0x00000007115086b0) 
thrown [s\src\hotspot\share\interpreter\linkResolver.cpp, line 759]
Event: 0.279 Thread 0x00000218faa76650 Exception <a 'java/lang/NoSuchMethodError'{0x000000071152de70}: 'java.lang.Object java.lang.invoke.DirectMethodHandle$Holder.invokeStatic(java.lang.Object, int, java.lang.Object)'> (0x000000071152de70) 
thrown [s\src\hotspot\share\interpreter\linkResolver.cpp, line 759]
Event: 0.301 Thread 0x00000218faa76650 Exception <a 'java/lang/ClassNotFoundException'{0x00000007115e6180}: com/sun/swing/internal/plaf/metal/resources/spi/metalProvider> (0x00000007115e6180) 
thrown [s\src\hotspot\share\classfile\systemDictionary.cpp, line 256]
Event: 0.302 Thread 0x00000218faa76650 Exception <a 'java/lang/ClassNotFoundException'{0x00000007115eab78}: com/sun/swing/internal/plaf/basic/resources/spi/basicProvider> (0x00000007115eab78) 
thrown [s\src\hotspot\share\classfile\systemDictionary.cpp, line 256]
Event: 0.367 Thread 0x00000218faa76650 Exception <a 'java/lang/NoSuchMethodError'{0x000000071129c998}: 'void java.lang.invoke.DirectMethodHandle$Holder.invokeStaticInit(java.lang.Object)'> (0x000000071129c998) 
thrown [s\src\hotspot\share\interpreter\linkResolver.cpp, line 759]
Event: 0.377 Thread 0x00000218faa76650 Exception <a 'java/io/FileNotFoundException'{0x00000007112aa310}> (0x00000007112aa310) 
thrown [s\src\hotspot\share\prims\jni.cpp, line 516]
Event: 0.450 Thread 0x000002189d593070 Exception <a 'java/lang/NoSuchMethodError'{0x000000071148b2e8}: 'void java.lang.invoke.DirectMethodHandle$Holder.invokeVirtual(java.lang.Object, java.lang.Object)'> (0x000000071148b2e8) 
thrown [s\src\hotspot\share\interpreter\linkResolver.cpp, line 759]
Event: 0.480 Thread 0x00000218faa76650 Exception <a 'java/lang/NoSuchMethodError'{0x00000007113298d8}: 'void java.lang.invoke.DirectMethodHandle$Holder.invokeStatic(java.lang.Object, java.lang.Object)'> (0x00000007113298d8) 
thrown [s\src\hotspot\share\interpreter\linkResolver.cpp, line 759]
Event: 707.244 Thread 0x000002189d70ad60 Exception <a 'sun/net/ConnectionResetException'{0x00000007110d9d80}: Connection reset> (0x00000007110d9d80) 
thrown [s\src\hotspot\share\prims\jni.cpp, line 535]

VM Operations (20 events):
Event: 218.304 Executing VM operation: Cleanup
Event: 218.304 Executing VM operation: Cleanup done
Event: 219.312 Executing VM operation: Cleanup
Event: 219.312 Executing VM operation: Cleanup done
Event: 220.316 Executing VM operation: Cleanup
Event: 220.316 Executing VM operation: Cleanup done
Event: 221.320 Executing VM operation: Cleanup
Event: 221.320 Executing VM operation: Cleanup done
Event: 222.326 Executing VM operation: Cleanup
Event: 222.326 Executing VM operation: Cleanup done
Event: 223.333 Executing VM operation: Cleanup
Event: 223.333 Executing VM operation: Cleanup done
Event: 224.336 Executing VM operation: Cleanup
Event: 224.336 Executing VM operation: Cleanup done
Event: 240.558 Executing VM operation: HandshakeAllThreads
Event: 240.558 Executing VM operation: HandshakeAllThreads done
Event: 490.364 Executing VM operation: Cleanup
Event: 490.364 Executing VM operation: Cleanup done
Event: 500.440 Executing VM operation: Cleanup
Event: 500.441 Executing VM operation: Cleanup done

Events (20 events):
Event: 222.174 loading class javax/swing/text/JTextComponent$4$1 done
Event: 222.175 loading class javax/accessibility/AccessibleContext
Event: 222.175 loading class javax/accessibility/AccessibleContext done
Event: 222.175 loading class java/io/ObjectOutputStream
Event: 222.176 loading class java/io/ObjectOutput
Event: 222.176 loading class java/io/ObjectOutput done
Event: 222.176 loading class java/io/ObjectStreamConstants
Event: 222.176 loading class java/io/ObjectStreamConstants done
Event: 222.176 loading class java/io/ObjectOutputStream done
Event: 707.243 loading class sun/net/ConnectionResetException
Event: 707.243 loading class java/net/SocketException
Event: 707.244 loading class java/net/SocketException done
Event: 707.244 loading class sun/net/ConnectionResetException done
Event: 707.244 loading class java/net/SocketTimeoutException
Event: 707.244 loading class java/io/InterruptedIOException
Event: 707.244 loading class java/io/InterruptedIOException done
Event: 707.244 loading class java/net/SocketTimeoutException done
Event: 707.245 Thread 0x000002189d3ee670 Thread added: 0x000002189d3ee670
Event: 707.245 Thread 0x000002189d3ebdf0 Thread added: 0x000002189d3ebdf0
Event: 707.246 Thread 0x000002189d3ebdf0 Thread exited: 0x000002189d3ebdf0


Dynamic libraries:
0x00007ff7ee8b0000 - 0x00007ff7ee8be000 	D:\Download\eclipse-jee-2023-12-R-win32-x86_64\eclipse\plugins\org.eclipse.justj.openjdk.hotspot.jre.full.win32.x86_64_17.0.9.v20231028-0858\jre\bin\javaw.exe
0x00007ff958db0000 - 0x00007ff958fa8000 	C:\WINDOWS\SYSTEM32\ntdll.dll
0x00007ff957fe0000 - 0x00007ff95809d000 	C:\WINDOWS\System32\KERNEL32.DLL
0x00007ff956490000 - 0x00007ff956786000 	C:\WINDOWS\System32\KERNELBASE.dll
0x00007ff956860000 - 0x00007ff956960000 	C:\WINDOWS\System32\ucrtbase.dll
0x00007ff940580000 - 0x00007ff940597000 	D:\Download\eclipse-jee-2023-12-R-win32-x86_64\eclipse\plugins\org.eclipse.justj.openjdk.hotspot.jre.full.win32.x86_64_17.0.9.v20231028-0858\jre\bin\jli.dll
0x00007ff9571a0000 - 0x00007ff95733e000 	C:\WINDOWS\System32\USER32.dll
0x00007ff956b10000 - 0x00007ff956b32000 	C:\WINDOWS\System32\win32u.dll
0x00007ff93eef0000 - 0x00007ff93f18a000 	C:\WINDOWS\WinSxS\amd64_microsoft.windows.common-controls_6595b64144ccf1df_6.0.19041.3636_none_60b6a03d71f818d5\COMCTL32.dll
0x00007ff9588f0000 - 0x00007ff95891c000 	C:\WINDOWS\System32\GDI32.dll
0x00007ff957340000 - 0x00007ff9573de000 	C:\WINDOWS\System32\msvcrt.dll
0x00007ff93f880000 - 0x00007ff93f89b000 	D:\Download\eclipse-jee-2023-12-R-win32-x86_64\eclipse\plugins\org.eclipse.justj.openjdk.hotspot.jre.full.win32.x86_64_17.0.9.v20231028-0858\jre\bin\VCRUNTIME140.dll
0x00007ff956960000 - 0x00007ff956a7a000 	C:\WINDOWS\System32\gdi32full.dll
0x00007ff9567c0000 - 0x00007ff95685d000 	C:\WINDOWS\System32\msvcp_win.dll
0x00007ff9587d0000 - 0x00007ff958800000 	C:\WINDOWS\System32\IMM32.DLL
0x00007ff94f6f0000 - 0x00007ff94f6fc000 	D:\Download\eclipse-jee-2023-12-R-win32-x86_64\eclipse\plugins\org.eclipse.justj.openjdk.hotspot.jre.full.win32.x86_64_17.0.9.v20231028-0858\jre\bin\vcruntime140_1.dll
0x00007ff9235e0000 - 0x00007ff92366d000 	D:\Download\eclipse-jee-2023-12-R-win32-x86_64\eclipse\plugins\org.eclipse.justj.openjdk.hotspot.jre.full.win32.x86_64_17.0.9.v20231028-0858\jre\bin\msvcp140.dll
0x00007ff906670000 - 0x00007ff9072d1000 	D:\Download\eclipse-jee-2023-12-R-win32-x86_64\eclipse\plugins\org.eclipse.justj.openjdk.hotspot.jre.full.win32.x86_64_17.0.9.v20231028-0858\jre\bin\server\jvm.dll
0x00007ff956f30000 - 0x00007ff956fdf000 	C:\WINDOWS\System32\ADVAPI32.dll
0x00007ff958cd0000 - 0x00007ff958d6c000 	C:\WINDOWS\System32\sechost.dll
0x00007ff9580a0000 - 0x00007ff9581c6000 	C:\WINDOWS\System32\RPCRT4.dll
0x00007ff9562f0000 - 0x00007ff95633b000 	C:\WINDOWS\SYSTEM32\POWRPROF.dll
0x00007ff948320000 - 0x00007ff948329000 	C:\WINDOWS\SYSTEM32\WSOCK32.dll
0x00007ff958b30000 - 0x00007ff958b9b000 	C:\WINDOWS\System32\WS2_32.dll
0x00007ff94b6e0000 - 0x00007ff94b707000 	C:\WINDOWS\SYSTEM32\WINMM.dll
0x00007ff94c4d0000 - 0x00007ff94c4da000 	C:\WINDOWS\SYSTEM32\VERSION.dll
0x00007ff9562d0000 - 0x00007ff9562e2000 	C:\WINDOWS\SYSTEM32\UMPDC.dll
0x00007ff954370000 - 0x00007ff954382000 	C:\WINDOWS\SYSTEM32\kernel.appcore.dll
0x00007ff94f160000 - 0x00007ff94f16a000 	D:\Download\eclipse-jee-2023-12-R-win32-x86_64\eclipse\plugins\org.eclipse.justj.openjdk.hotspot.jre.full.win32.x86_64_17.0.9.v20231028-0858\jre\bin\jimage.dll
0x00007ff945f50000 - 0x00007ff946134000 	C:\WINDOWS\SYSTEM32\DBGHELP.DLL
0x00007ff940060000 - 0x00007ff940094000 	C:\WINDOWS\SYSTEM32\dbgcore.DLL
0x00007ff956a80000 - 0x00007ff956b02000 	C:\WINDOWS\System32\bcryptPrimitives.dll
0x00007ff949ff0000 - 0x00007ff94a015000 	D:\Download\eclipse-jee-2023-12-R-win32-x86_64\eclipse\plugins\org.eclipse.justj.openjdk.hotspot.jre.full.win32.x86_64_17.0.9.v20231028-0858\jre\bin\java.dll
0x00007ff949fd0000 - 0x00007ff949fe8000 	D:\Download\eclipse-jee-2023-12-R-win32-x86_64\eclipse\plugins\org.eclipse.justj.openjdk.hotspot.jre.full.win32.x86_64_17.0.9.v20231028-0858\jre\bin\zip.dll
0x00007ff957820000 - 0x00007ff957f65000 	C:\WINDOWS\System32\SHELL32.dll
0x00007ff954570000 - 0x00007ff954d0b000 	C:\WINDOWS\SYSTEM32\windows.storage.dll
0x00007ff957460000 - 0x00007ff9577b4000 	C:\WINDOWS\System32\combase.dll
0x00007ff955e00000 - 0x00007ff955e2d000 	C:\WINDOWS\SYSTEM32\Wldp.dll
0x00007ff956fe0000 - 0x00007ff95708d000 	C:\WINDOWS\System32\SHCORE.dll
0x00007ff958ad0000 - 0x00007ff958b25000 	C:\WINDOWS\System32\shlwapi.dll
0x00007ff9563c0000 - 0x00007ff9563e5000 	C:\WINDOWS\SYSTEM32\profapi.dll
0x00007ff923080000 - 0x00007ff923210000 	D:\Download\eclipse-jee-2023-12-R-win32-x86_64\eclipse\plugins\org.eclipse.justj.openjdk.hotspot.jre.full.win32.x86_64_17.0.9.v20231028-0858\jre\bin\awt.dll
0x00007ff958650000 - 0x00007ff95871d000 	C:\WINDOWS\System32\OLEAUT32.dll
0x00007ff953d00000 - 0x00007ff953d90000 	C:\WINDOWS\SYSTEM32\apphelp.dll
0x00007ff954190000 - 0x00007ff9541bf000 	C:\WINDOWS\system32\DWMAPI.DLL
0x00007ff953ea0000 - 0x00007ff953f3e000 	C:\WINDOWS\system32\uxtheme.dll
0x00007ff926fa0000 - 0x00007ff9270c5000 	C:\WINDOWS\system32\opengl32.dll
0x00007ff952060000 - 0x00007ff95208c000 	C:\WINDOWS\SYSTEM32\GLU32.dll
0x0000000180000000 - 0x0000000180043000 	C:\Program Files\Fasoo DRM\f_nxa.dll
0x0000000061000000 - 0x00000000611da000 	C:\Program Files\Fasoo DRM\f_sps.dll
0x00007ff958ba0000 - 0x00007ff958ccb000 	C:\WINDOWS\System32\ole32.dll
0x00007ff945b80000 - 0x00007ff945b87000 	C:\WINDOWS\SYSTEM32\msimg32.dll
0x00007ff938f00000 - 0x00007ff938fa5000 	C:\WINDOWS\SYSTEM32\winspool.drv
0x00007ff957fd0000 - 0x00007ff957fd8000 	C:\WINDOWS\System32\psapi.dll
0x00007ff952020000 - 0x00007ff952034000 	C:\WINDOWS\SYSTEM32\wtsapi32.dll
0x00007ff956e10000 - 0x00007ff956f24000 	C:\WINDOWS\System32\MSCTF.dll
0x00007ff94a580000 - 0x00007ff94a608000 	D:\Download\eclipse-jee-2023-12-R-win32-x86_64\eclipse\plugins\org.eclipse.justj.openjdk.hotspot.jre.full.win32.x86_64_17.0.9.v20231028-0858\jre\bin\freetype.dll
0x00007ff93ab40000 - 0x00007ff93ac13000 	D:\Download\eclipse-jee-2023-12-R-win32-x86_64\eclipse\plugins\org.eclipse.justj.openjdk.hotspot.jre.full.win32.x86_64_17.0.9.v20231028-0858\jre\bin\fontmanager.dll
0x00007ff9570f0000 - 0x00007ff957199000 	C:\WINDOWS\System32\clbcatq.dll
0x00007ff94fc10000 - 0x00007ff94fdc4000 	C:\WINDOWS\SYSTEM32\WindowsCodecs.dll
0x00007ff956790000 - 0x00007ff9567b7000 	C:\WINDOWS\System32\bcrypt.dll
0x00007ff93fdc0000 - 0x00007ff93fdfe000 	C:\WINDOWS\system32\dataexchange.dll
0x00007ff952bb0000 - 0x00007ff952e13000 	C:\WINDOWS\system32\d3d11.dll
0x00007ff9530d0000 - 0x00007ff9532b3000 	C:\WINDOWS\system32\dcomp.dll
0x00007ff954d50000 - 0x00007ff954e43000 	C:\WINDOWS\system32\dxgi.dll
0x00007ff94fe00000 - 0x00007ff950003000 	C:\WINDOWS\system32\twinapi.appcore.dll
0x00007ff949fb0000 - 0x00007ff949fc9000 	D:\Download\eclipse-jee-2023-12-R-win32-x86_64\eclipse\plugins\org.eclipse.justj.openjdk.hotspot.jre.full.win32.x86_64_17.0.9.v20231028-0858\jre\bin\net.dll
0x00007ff950540000 - 0x00007ff95064a000 	C:\WINDOWS\SYSTEM32\WINHTTP.dll
0x00007ff955b60000 - 0x00007ff955bca000 	C:\WINDOWS\system32\mswsock.dll
0x00007ff945d00000 - 0x00007ff945d16000 	D:\Download\eclipse-jee-2023-12-R-win32-x86_64\eclipse\plugins\org.eclipse.justj.openjdk.hotspot.jre.full.win32.x86_64_17.0.9.v20231028-0858\jre\bin\nio.dll
0x00007ff94c6d0000 - 0x00007ff94c7c9000 	C:\WINDOWS\SYSTEM32\textinputframework.dll
0x00007ff953640000 - 0x00007ff95399b000 	C:\WINDOWS\System32\CoreUIComponents.dll
0x00007ff9539a0000 - 0x00007ff953a92000 	C:\WINDOWS\System32\CoreMessaging.dll
0x00007ff9555b0000 - 0x00007ff9555e3000 	C:\WINDOWS\SYSTEM32\ntmarta.dll
0x00007ff952f70000 - 0x00007ff9530c5000 	C:\WINDOWS\SYSTEM32\wintypes.dll
0x00007ff955890000 - 0x00007ff95595a000 	C:\WINDOWS\SYSTEM32\DNSAPI.dll
0x00007ff955850000 - 0x00007ff95588b000 	C:\WINDOWS\SYSTEM32\IPHLPAPI.DLL
0x00007ff9588e0000 - 0x00007ff9588e8000 	C:\WINDOWS\System32\NSI.dll
0x00007ff94f6a0000 - 0x00007ff94f6aa000 	C:\Windows\System32\rasadhlp.dll
0x00007ff94f530000 - 0x00007ff94f5b0000 	C:\WINDOWS\System32\fwpuclnt.dll
0x00007ff944da0000 - 0x00007ff944e71000 	C:\Windows\System32\IME\IMEKR\imkrtip.dll
0x00007ff951d40000 - 0x00007ff951e36000 	C:\WINDOWS\SYSTEM32\PROPSYS.dll
0x00007ff92ac80000 - 0x00007ff92adc2000 	C:\Windows\System32\IME\shared\imetip.dll
0x00007ff940420000 - 0x00007ff940486000 	C:\WINDOWS\SYSTEM32\OLEACC.dll
0x00007ff92aad0000 - 0x00007ff92ac7e000 	C:\WINDOWS\SYSTEM32\DUI70.dll
0x00007ff9459b0000 - 0x00007ff9459f1000 	C:\Windows\System32\IME\IMEKR\imkrapi.dll
0x00007ff9515c0000 - 0x00007ff951661000 	C:\WINDOWS\SYSTEM32\policymanager.dll
0x00007ff955520000 - 0x00007ff9555aa000 	C:\WINDOWS\SYSTEM32\msvcp110_win.dll
0x00007ff947f00000 - 0x00007ff947f3e000 	C:\Windows\System32\IME\shared\imjkapi.dll

dbghelp: loaded successfully - version: 4.0.5 - missing functions: none
symbol engine: initialized successfully - sym options: 0x614 - pdb path: .;D:\Download\eclipse-jee-2023-12-R-win32-x86_64\eclipse\plugins\org.eclipse.justj.openjdk.hotspot.jre.full.win32.x86_64_17.0.9.v20231028-0858\jre\bin;C:\WINDOWS\SYSTEM32;C:\WINDOWS\WinSxS\amd64_microsoft.windows.common-controls_6595b64144ccf1df_6.0.19041.3636_none_60b6a03d71f818d5;D:\Download\eclipse-jee-2023-12-R-win32-x86_64\eclipse\plugins\org.eclipse.justj.openjdk.hotspot.jre.full.win32.x86_64_17.0.9.v20231028-0858\jre\bin\server;C:\Program Files\Fasoo DRM;C:\Windows\System32\IME\IMEKR;C:\Windows\System32\IME\shared

VM Arguments:
jvm_args: -Dfile.encoding=UTF-8 -Dstdout.encoding=UTF-8 -Dstderr.encoding=UTF-8 -XX:+ShowCodeDetailsInExceptionMessages 
java_command: ChatClient
java_class_path (initial): C:\git_kdigital\java_workspace\Chatting\bin
Launcher Type: SUN_STANDARD

[Global flags]
     intx CICompilerCount                          = 3                                         {product} {ergonomic}
     uint ConcGCThreads                            = 1                                         {product} {ergonomic}
     uint G1ConcRefinementThreads                  = 4                                         {product} {ergonomic}
   size_t G1HeapRegionSize                         = 2097152                                   {product} {ergonomic}
    uintx GCDrainStackTargetSize                   = 64                                        {product} {ergonomic}
   size_t InitialHeapSize                          = 268435456                                 {product} {ergonomic}
   size_t MarkStackSize                            = 4194304                                   {product} {ergonomic}
   size_t MaxHeapSize                              = 4269801472                                {product} {ergonomic}
   size_t MaxNewSize                               = 2560622592                                {product} {ergonomic}
   size_t MinHeapDeltaBytes                        = 2097152                                   {product} {ergonomic}
   size_t MinHeapSize                              = 8388608                                   {product} {ergonomic}
    uintx NonNMethodCodeHeapSize                   = 5832780                                {pd product} {ergonomic}
    uintx NonProfiledCodeHeapSize                  = 122912730                              {pd product} {ergonomic}
    uintx ProfiledCodeHeapSize                     = 122912730                              {pd product} {ergonomic}
    uintx ReservedCodeCacheSize                    = 251658240                              {pd product} {ergonomic}
     bool SegmentedCodeCache                       = true                                      {product} {ergonomic}
     bool ShowCodeDetailsInExceptionMessages       = true                                   {manageable} {command line}
   size_t SoftMaxHeapSize                          = 4269801472                             {manageable} {ergonomic}
     bool UseCompressedClassPointers               = true                           {product lp64_product} {ergonomic}
     bool UseCompressedOops                        = true                           {product lp64_product} {ergonomic}
     bool UseG1GC                                  = true                                      {product} {ergonomic}
     bool UseLargePagesIndividualAllocation        = false                                  {pd product} {ergonomic}

Logging:
Log output configuration:
 #0: stdout all=warning uptime,level,tags
 #1: stderr all=off uptime,level,tags

Environment Variables:
PATH=D:/Download/eclipse-jee-2023-12-R-win32-x86_64/eclipse//plugins/org.eclipse.justj.openjdk.hotspot.jre.full.win32.x86_64_17.0.9.v20231028-0858/jre/bin/server;D:/Download/eclipse-jee-2023-12-R-win32-x86_64/eclipse//plugins/org.eclipse.justj.openjdk.hotspot.jre.full.win32.x86_64_17.0.9.v20231028-0858/jre/bin;C:\Program Files\Common Files\Oracle\Java\javapath;C:\oraclexe\app\oracle\product\11.2.0\server\bin;;C:\WINDOWS\system32;C:\WINDOWS;C:\WINDOWS\System32\Wbem;C:\WINDOWS\System32\WindowsPowerShell\v1.0\;C:\WINDOWS\System32\OpenSSH\;C:\Program Files\Microsoft VS Code\bin;C:\Users\\AppData\Local\Microsoft\WindowsApps;;D:\Download\eclipse-jee-2023-12-R-win32-x86_64\eclipse;
USERNAME=
OS=Windows_NT
PROCESSOR_IDENTIFIER=Intel64 Family 6 Model 42 Stepping 7, GenuineIntel
TMP=C:\Users\\AppData\Local\Temp
TEMP=C:\Users\\AppData\Local\Temp



Periodic native trim disabled


---------------  S Y S T E M  ---------------

OS:
 Windows 10 , 64 bit Build 19041 (10.0.19041.3636)
OS uptime: 2 days 2:11 hours

CPU: total 4 (initial active 4) (4 cores per cpu, 2 threads per core) family 6 model 42 stepping 7 microcode 0x2f, cx8, cmov, fxsr, ht, mmx, sse, sse2, sse3, ssse3, sse4.1, sse4.2, popcnt, tsc, tscinvbit, avx, aes, clmul, vzeroupper, clflush
Processor Information for all 4 processors :
  Max Mhz: 3401, Current Mhz: 3401, Mhz Limit: 3401

Memory: 4k page, system-wide physical 16284M (9979M free)
TotalPageFile size 18716M (AvailPageFile size 11072M)
current process WorkingSet (physical memory assigned to process): 75M, peak: 75M
current process commit charge ("private bytes"): 348M, peak: 350M

vm_info: OpenJDK 64-Bit Server VM (17.0.9+9) for windows-amd64 JRE (17.0.9+9), built on Oct 26 2023 14:01:42 by "admin" with MS VC++ 16.10 / 16.11 (VS2019)

END.
